###############################################################################
model_name transformer_bpe_level_config
Beam size: 1
BLEU score: {
 "name": "BLEU",
 "score": 19.3,
 "signature": "nrefs:1|case:mixed|eff:no|tok:13a|smooth:exp|version:2.4.2",
 "verbose_score": "49.8/25.0/13.9/7.9 (BP = 1.000 ratio = 1.066 hyp_len = 32357 ref_len = 30357)",
 "nrefs": "1",
 "case": "mixed",
 "eff": "no",
 "tok": "13a",
 "smooth": "exp",
 "version": "2.4.2"
}
time taken: 836 seconds

###############################################################################
model_name transformer_bpe_level_config
Beam size: 2
BLEU score: {
 "name": "BLEU",
 "score": 21.7,
 "signature": "nrefs:1|case:mixed|eff:no|tok:13a|smooth:exp|version:2.4.2",
 "verbose_score": "55.1/28.5/16.3/9.6 (BP = 0.974 ratio = 0.975 hyp_len = 29588 ref_len = 30357)",
 "nrefs": "1",
 "case": "mixed",
 "eff": "no",
 "tok": "13a",
 "smooth": "exp",
 "version": "2.4.2"
}
time taken: 407 seconds

###############################################################################
model_name transformer_bpe_level_config
Beam size: 3
BLEU score: {
 "name": "BLEU",
 "score": 21.9,
 "signature": "nrefs:1|case:mixed|eff:no|tok:13a|smooth:exp|version:2.4.2",
 "verbose_score": "56.7/29.7/17.0/10.0 (BP = 0.946 ratio = 0.947 hyp_len = 28751 ref_len = 30357)",
 "nrefs": "1",
 "case": "mixed",
 "eff": "no",
 "tok": "13a",
 "smooth": "exp",
 "version": "2.4.2"
}
time taken: 585 seconds

###############################################################################
model_name transformer_bpe_level_config
Beam size: 4
BLEU score: {
 "name": "BLEU",
 "score": 22.1,
 "signature": "nrefs:1|case:mixed|eff:no|tok:13a|smooth:exp|version:2.4.2",
 "verbose_score": "57.2/30.0/17.4/10.3 (BP = 0.938 ratio = 0.940 hyp_len = 28526 ref_len = 30357)",
 "nrefs": "1",
 "case": "mixed",
 "eff": "no",
 "tok": "13a",
 "smooth": "exp",
 "version": "2.4.2"
}
time taken: 775 seconds

###############################################################################
model_name transformer_bpe_level_config
Beam size: 5
BLEU score: {
 "name": "BLEU",
 "score": 22.0,
 "signature": "nrefs:1|case:mixed|eff:no|tok:13a|smooth:exp|version:2.4.2",
 "verbose_score": "57.6/30.3/17.5/10.4 (BP = 0.928 ratio = 0.930 hyp_len = 28242 ref_len = 30357)",
 "nrefs": "1",
 "case": "mixed",
 "eff": "no",
 "tok": "13a",
 "smooth": "exp",
 "version": "2.4.2"
}
time taken: 993 seconds

###############################################################################
model_name transformer_bpe_level_config
Beam size: 6
BLEU score: {
 "name": "BLEU",
 "score": 21.9,
 "signature": "nrefs:1|case:mixed|eff:no|tok:13a|smooth:exp|version:2.4.2",
 "verbose_score": "57.7/30.3/17.5/10.4 (BP = 0.922 ratio = 0.925 hyp_len = 28079 ref_len = 30357)",
 "nrefs": "1",
 "case": "mixed",
 "eff": "no",
 "tok": "13a",
 "smooth": "exp",
 "version": "2.4.2"
}
time taken: 995 seconds

###############################################################################
model_name transformer_bpe_level_config
Beam size: 7
BLEU score: {
 "name": "BLEU",
 "score": 21.9,
 "signature": "nrefs:1|case:mixed|eff:no|tok:13a|smooth:exp|version:2.4.2",
 "verbose_score": "57.8/30.5/17.6/10.5 (BP = 0.919 ratio = 0.922 hyp_len = 28002 ref_len = 30357)",
 "nrefs": "1",
 "case": "mixed",
 "eff": "no",
 "tok": "13a",
 "smooth": "exp",
 "version": "2.4.2"
}
time taken: 1188 seconds

###############################################################################
model_name transformer_bpe_level_config
Beam size: 8
BLEU score: {
 "name": "BLEU",
 "score": 21.9,
 "signature": "nrefs:1|case:mixed|eff:no|tok:13a|smooth:exp|version:2.4.2",
 "verbose_score": "57.8/30.5/17.7/10.5 (BP = 0.916 ratio = 0.919 hyp_len = 27900 ref_len = 30357)",
 "nrefs": "1",
 "case": "mixed",
 "eff": "no",
 "tok": "13a",
 "smooth": "exp",
 "version": "2.4.2"
}
time taken: 1599 seconds

###############################################################################
model_name transformer_bpe_level_config
Beam size: 9
BLEU score: {
 "name": "BLEU",
 "score": 21.9,
 "signature": "nrefs:1|case:mixed|eff:no|tok:13a|smooth:exp|version:2.4.2",
 "verbose_score": "57.9/30.6/17.7/10.6 (BP = 0.911 ratio = 0.915 hyp_len = 27782 ref_len = 30357)",
 "nrefs": "1",
 "case": "mixed",
 "eff": "no",
 "tok": "13a",
 "smooth": "exp",
 "version": "2.4.2"
}
time taken: 1732 seconds

###############################################################################
model_name transformer_bpe_level_config
Beam size: 10
BLEU score: {
 "name": "BLEU",
 "score": 21.8,
 "signature": "nrefs:1|case:mixed|eff:no|tok:13a|smooth:exp|version:2.4.2",
 "verbose_score": "57.9/30.6/17.7/10.5 (BP = 0.908 ratio = 0.912 hyp_len = 27687 ref_len = 30357)",
 "nrefs": "1",
 "case": "mixed",
 "eff": "no",
 "tok": "13a",
 "smooth": "exp",
 "version": "2.4.2"
}
time taken: 1776 seconds

